<?xml version="1.0" encoding="UTF-8"?>
<testsuite name="com.logitopia.jmortar.core.object.HashCodeUtilTest" tests="3" skipped="0" failures="0" errors="0" timestamp="2018-01-19T21:59:11" hostname="DESKTOP-2PUINBP" time="0.003">
  <properties/>
  <testcase name="testHashString" classname="com.logitopia.jmortar.core.object.HashCodeUtilTest" time="0.002"/>
  <testcase name="testHashInt" classname="com.logitopia.jmortar.core.object.HashCodeUtilTest" time="0.0"/>
  <testcase name="testHashBoolean" classname="com.logitopia.jmortar.core.object.HashCodeUtilTest" time="0.0"/>
  <system-out><![CDATA[]]></system-out>
  <system-err><![CDATA[]]></system-err>
</testsuite>
